*** Using Compiler 'V5.06 update 7 (build 960)', folder: 'C:\Keil_v5\ARM\ARMCC\Bin'
Build target 'HSEVB_AC7KCAR01_V2.0_SV1.0.0'
compiling bsp_strip_led.c...
..\BSP\Src\bsp_strip_led.c(211): warning:  #223-D: function "Settings_ReadLedNums" declared implicitly
  		Settings_ReadLedNums(&max_leds);
..\BSP\Src\bsp_strip_led.c: 1 warning, 0 errors
compiling display_tjc_lcd.c...
compiling freertos.c...
compiling bsp_uart.c...
compiling application.c...
compiling button.c...
compiling display_tpc_lcd.c...
compiling charge.c...
compiling network_lar01.c...
compiling rfid_rc522.c...
compiling switch_relay.c...
compiling settings.c...
..\app\src\settings.c(119): warning:  #186-D: pointless comparison of unsigned integer with zero
    for (int i = str_len - 1; i >= 0 && bcd_index >= 0; i -= 2) {
..\app\src\settings.c: 1 warning, 0 errors
compiling protocol_clound_charge.c...
linking...
Program Size: Code=88316 RO-data=5700 RW-data=624 ZI-data=18256  
FromELF: creating hex file...
After Build - User command #1: C:\Keil_v5\\ARM\ARMCC\bin\fromelf.exe --bin --output=HSEVB_AC7KCAR01_V2.0_SV1.0.bin HSEVB_AC7KCAR01_V2.0_SV1.0.0\HSEVB_AC7KCAR01_V2.0_SV1.0.0
"HSEVB_AC7KCAR01_V2.0_SV1.0.0\HSEVB_AC7KCAR01_V2.0_SV1.0.0" - 0 Error(s), 2 Warning(s).
Build Time Elapsed:  00:00:07
